SET_PARAMETER refclk_source_gt_3 MGTREFCLK1_116
SET_PARAMETER sysclk_mode_external true
SET_PARAMETER protocol_datawidth_1 20
SET_PARAMETER protocol_datawidth_2 20
SET_PARAMETER protocol_datawidth_3 20
SET_PARAMETER check_refclk_sources_gt true
SET_PARAMETER sysclock_source_int MGT1_116
SET_PARAMETER gt_naming_style MGTm_n
SET_PARAMETER protocol_count 2
SET_PARAMETER protocol_1 Name_Protocol
SET_PARAMETER protocol_2 Name_Protocol
SET_PARAMETER protocol_3 Name_Protocol
SET_PARAMETER protocol_gt_0 None
SET_PARAMETER protocol_gt_1 sfp_b_/_5.000_Gbps
SET_PARAMETER protocol_gt_2 None
SET_PARAMETER protocol_gt_3 sfp_a_/_5.000_Gbps
SET_PARAMETER protocol_rxrefclk_frequency_1 156.25
SET_PARAMETER rxrecclk_pin_location UNASSIGNED
SET_PARAMETER protocol_rxrefclk_frequency_2 156.25
SET_PARAMETER protocol_rxrefclk_frequency_3 156.25
SET_PARAMETER rxrecclk_gtx_location MGT1_116
SET_PARAMETER select_mode gb
SET_PARAMETER protocol_maxlinerate_1 5.000
SET_PARAMETER protocol_maxlinerate_2 5.000
SET_PARAMETER protocol_maxlinerate_3 3.125
SET_PARAMETER sysclk_frequency 100
SET_PARAMETER add_rxrecclk_probes false
SET_PARAMETER rxrecclk_is_dif true
SET_PARAMETER protocol_quad_0 None
SET_PARAMETER check_refclk_sources true
SET_PARAMETER refclk_source_quad_0 None
SET_PARAMETER protocol_quad_1 None
SET_PARAMETER protocol_quad_2 None
SET_PARAMETER refclk_source_quad_1 None
SET_PARAMETER protocol_quad_3 None
SET_PARAMETER refclk_source_quad_2 None
SET_PARAMETER protocol_quad_4 None
SET_PARAMETER refclk_source_quad_3 None
SET_PARAMETER protocol_quad_5 None
SET_PARAMETER refclk_source_quad_4 None
SET_PARAMETER protocol_quad_6 None
SET_PARAMETER refclk_source_quad_5 None
SET_PARAMETER protocol_quad_7 None
SET_PARAMETER refclk_source_quad_6 None
SET_PARAMETER protocol_quad_8 None
SET_PARAMETER refclk_source_quad_7 None
SET_PARAMETER protocol_quad_9 None
SET_PARAMETER refclk_source_quad_8 None
SET_PARAMETER refclk_source_quad_9 None
SET_PARAMETER sysclk_frequency_int 156.25
SET_PARAMETER rxrecclk_pin_std LVDS_25
SET_PARAMETER enable_diff_term false
SET_PARAMETER board_config_settings User_Defined
SET_PARAMETER component_name ibert_check
SET_PARAMETER disable_sysclk_buf false
SET_PARAMETER sysclk_io_pin_loc H28
SET_PARAMETER protocol_custom_1 sfp_a
SET_PARAMETER select_quad QUAD_116
SET_PARAMETER protocol_custom_2 sfp_b
SET_PARAMETER protocol_custom_3 Custom_3
SET_PARAMETER sysclk_io_pin_std LVCMOS25
SET_PARAMETER protocol_quad_10 None
SET_PARAMETER protocol_quad_11 None
SET_PARAMETER protocol_quad_12 None
SET_PARAMETER protocol_quad_13 None
SET_PARAMETER protocol_quad_14 None
SET_PARAMETER protocol_quad_15 None
SET_PARAMETER refclk_source_quad_10 None
SET_PARAMETER refclk_source_quad_11 None
SET_PARAMETER refclk_source_quad_12 None
SET_PARAMETER refclk_source_quad_13 None
SET_PARAMETER refclk_source_quad_14 None
SET_PARAMETER refclk_source_quad_15 None
SET_PARAMETER gt_correct true
SET_PARAMETER generate_bit_stream true
SET_PARAMETER protocol_gt_count_1 1
SET_PARAMETER protocol_gt_count_2 1
SET_PARAMETER protocol_gt_count_3 0
SET_PARAMETER target_design_platform User_Defined
SET_PARAMETER refclk_source_gt_0 None
SET_PARAMETER refclk_source_gt_1 MGTREFCLK1_116
SET_PARAMETER refclk_source_gt_2 None
SET_ERROR_CODE 2
SET_ERROR_MSG  CANCEL: Customization cancelled.
SET_ERROR_TEXT Finished initializing IP model.	
