Release 14.7 Map P.20131013 (nt64)
Xilinx Mapping Report File for Design 'riffa_top_v6_pcie_v2_5'

Design Information
------------------
Command Line   : map -intstyle ise -p xc6vlx365t-ff1156-1 -w -logic_opt off -ol
high -xe n -t 1 -xt 0 -register_duplication off -r 4 -global_opt off -mt off -ir
off -pr b -lc off -power off -o riffa_top_v6_pcie_v2_5_map.ncd
riffa_top_v6_pcie_v2_5.ngd riffa_top_v6_pcie_v2_5.pcf 
Target Device  : xc6vlx365t
Target Package : ff1156
Target Speed   : -1
Mapper Version : virtex6 -- $Revision: 1.55 $
Mapped Date    : Sat May 02 20:40:58 2020

Design Summary
--------------
Number of errors:      0
Number of warnings:    2
Slice Logic Utilization:
  Number of Slice Registers:                 6,679 out of 455,040    1%
    Number used as Flip Flops:               6,678
    Number used as Latches:                      1
    Number used as Latch-thrus:                  0
    Number used as AND/OR logics:                0
  Number of Slice LUTs:                      5,399 out of 227,520    2%
    Number used as logic:                    4,570 out of 227,520    2%
      Number using O6 output only:           2,682
      Number using O5 output only:             435
      Number using O5 and O6:                1,453
      Number used as ROM:                        0
    Number used as Memory:                     394 out of  66,080    1%
      Number used as Dual Port RAM:            142
        Number using O6 output only:             2
        Number using O5 output only:             0
        Number using O5 and O6:                140
      Number used as Single Port RAM:            0
      Number used as Shift Register:           252
        Number using O6 output only:           249
        Number using O5 output only:             0
        Number using O5 and O6:                  3
    Number used exclusively as route-thrus:    435
      Number with same-slice register load:    384
      Number with same-slice carry load:        51
      Number with other load:                    0

Slice Logic Distribution:
  Number of occupied Slices:                 2,241 out of  56,880    3%
  Number of LUT Flip Flop pairs used:        6,916
    Number with an unused Flip Flop:         1,297 out of   6,916   18%
    Number with an unused LUT:               1,517 out of   6,916   21%
    Number of fully used LUT-FF pairs:       4,102 out of   6,916   59%
    Number of unique control sets:             124
    Number of slice register sites lost
      to control set restrictions:             448 out of 455,040    1%

  A LUT Flip Flop pair for this architecture represents one LUT paired with
  one Flip Flop within a slice.  A control set is a unique combination of
  clock, reset, set, and enable signals for a registered element.
  The Slice Logic Distribution report is not meaningful if the design is
  over-mapped for a non-slice resource or if Placement fails.
  OVERMAPPING of BRAM resources should be ignored if the design is
  over-mapped for a non-BRAM resource or if placement fails.

IO Utilization:
  Number of bonded IOBs:                         9 out of     600    1%
    Number of LOCed IOBs:                        9 out of       9  100%
    IOB Flip Flops:                              1
    Number of bonded IPADs:                     18
      Number of LOCed IPADs:                     2 out of      18   11%
    Number of bonded OPADs:                     16

Specific Feature Utilization:
  Number of RAMB36E1/FIFO36E1s:                 16 out of     416    3%
    Number using RAMB36E1 only:                 16
    Number using FIFO36E1 only:                  0
  Number of RAMB18E1/FIFO18E1s:                  0 out of     832    0%
  Number of BUFG/BUFGCTRLs:                      5 out of      32   15%
    Number used as BUFGs:                        5
    Number used as BUFGCTRLs:                    0
  Number of ILOGICE1/ISERDESE1s:                 0 out of     960    0%
  Number of OLOGICE1/OSERDESE1s:                 2 out of     960    1%
    Number used as OLOGICE1s:                    2
    Number used as OSERDESE1s:                   0
  Number of BSCANs:                              0 out of       4    0%
  Number of BUFHCEs:                             0 out of     144    0%
  Number of BUFIODQSs:                           0 out of      96    0%
  Number of BUFRs:                               0 out of      48    0%
  Number of CAPTUREs:                            0 out of       1    0%
  Number of DSP48E1s:                            0 out of     576    0%
  Number of EFUSE_USRs:                          0 out of       1    0%
  Number of FRAME_ECCs:                          0 out of       1    0%
  Number of GTXE1s:                              8 out of      20   40%
    Number of LOCed GTXE1s:                      8 out of       8  100%
  Number of IBUFDS_GTXE1s:                       1 out of      12    8%
    Number of LOCed IBUFDS_GTXE1s:               1 out of       1  100%
  Number of ICAPs:                               0 out of       2    0%
  Number of IDELAYCTRLs:                         0 out of      24    0%
  Number of IODELAYE1s:                          0 out of     960    0%
  Number of MMCM_ADVs:                           1 out of      12    8%
    Number of LOCed MMCM_ADVs:                   1 out of       1  100%
  Number of PCIE_2_0s:                           1 out of       2   50%
    Number of LOCed PCIE_2_0s:                   1 out of       1  100%
  Number of STARTUPs:                            1 out of       1  100%
  Number of SYSMONs:                             0 out of       1    0%
  Number of TEMAC_SINGLEs:                       0 out of       4    0%

Average Fanout of Non-Clock Nets:                3.11

Peak Memory Usage:  975 MB
Total REAL time to MAP completion:  2 mins 56 secs 
Total CPU time to MAP completion:   2 mins 50 secs 

Table of Contents
-----------------
Section 1 - Errors
Section 2 - Warnings
Section 3 - Informational
Section 4 - Removed Logic Summary
Section 5 - Removed Logic
Section 6 - IOB Properties
Section 7 - RPMs
Section 8 - Guide Report
Section 9 - Area Group and Partition Summary
Section 10 - Timing Report
Section 11 - Configuration String Information
Section 12 - Control Set Information
Section 13 - Utilization by Hierarchy

Section 1 - Errors
------------------

Section 2 - Warnings
--------------------
WARNING:PhysDesignRules:372 - Gated clock. Clock net
   app/endpoint/endpoint64.endpoint/channels[0].channel/txPort/gate/fifo/asyncCo
   mpare/wDirSet is sourced by a combinatorial pin. This is not good design
   practice. Use the CE pin to control the loading of data into the flip-flop.
WARNING:PhysDesignRules:372 - Gated clock. Clock net
   app/endpoint/endpoint64.endpoint/channels[0].channel/rxPort/mainFifo/asyncCom
   pare/wDirSet is sourced by a combinatorial pin. This is not good design
   practice. Use the CE pin to control the loading of data into the flip-flop.

Section 3 - Informational
-------------------------
INFO:LIT:243 - Logical network
   app/endpoint/endpoint64.endpoint/rxEng/rxEngReq/fifo/mem/Mram_rRAM76/SPO has
   no load.
INFO:LIT:395 - The above info message is repeated 140 more times for the
   following (max. 5 shown):
   app/endpoint/endpoint64.endpoint/rxEng/rxEngReq/fifo/mem/Mram_rRAM75/SPO,
   app/endpoint/endpoint64.endpoint/rxEng/rxEngReq/fifo/mem/Mram_rRAM74/SPO,
   app/endpoint/endpoint64.endpoint/rxEng/rxEngReq/fifo/mem/Mram_rRAM73/SPO,
   app/endpoint/endpoint64.endpoint/rxEng/rxEngReq/fifo/mem/Mram_rRAM72/SPO,
   app/endpoint/endpoint64.endpoint/rxEng/rxEngReq/fifo/mem/Mram_rRAM71/SPO
   To see the details of these info messages, please use the -detail switch.
INFO:MapLib:562 - No environment variables are currently set.
INFO:LIT:244 - All of the single ended outputs in this design are using slew
   rate limited output drivers. The delay on speed critical single ended outputs
   can be dramatically reduced by designating them as fast outputs.
INFO:Pack:1716 - Initializing temperature to 85.000 Celsius. (default - Range:
   0.000 to 85.000 Celsius)
INFO:Pack:1720 - Initializing voltage to 0.950 Volts. (default - Range: 0.950 to
   1.050 Volts)
INFO:Timing:3386 - Intersecting Constraints found and resolved.  For more information, see the TSI report.  Please consult the Xilinx
   Command Line Tools User Guide for information on generating a TSI report.
INFO:Map:215 - The Interim Design Summary has been generated in the MAP Report
   (.mrp).
INFO:Pack:1650 - Map created a placed design.

Section 4 - Removed Logic Summary
---------------------------------
   1 block(s) removed
   2 block(s) optimized away

Section 5 - Removed Logic
-------------------------

The trimmed logic report below shows the logic removed from your design due to
sourceless or loadless signals, and VCC or ground connections.  If the removal
of a signal or symbol results in the subsequent removal of an additional signal
or symbol, the message explaining that second removal will be indented.  This
indentation will be repeated as a chain of related logic is removed.

To quickly locate the original cause for the removal of a chain of logic, look
above the place where that logic is listed in the trimming report, then locate
the lines that are least indented (begin at the leftmost edge).

Loadless block
"core/pcie_2_0_i/pcie_gt_i/gtx_v6_i/no_of_lanes.GTXD[5].GTX_RX_VALID_FILTER/rx_e
lec_idle_delay" (SRL16E) removed.

Optimized Block(s):
TYPE 		BLOCK
GND 		XST_GND
VCC 		XST_VCC

To enable printing of redundant blocks removed and signals merged, set the
detailed map report option and rerun map.

Section 6 - IOB Properties
--------------------------

+---------------------------------------------------------------------------------------------------------------------------------------------------------+
| IOB Name                           | Type             | Direction | IO Standard          | Diff  | Drive    | Slew | Reg (s)      | Resistor | IOB      |
|                                    |                  |           |                      | Term  | Strength | Rate |              |          | Delay    |
+---------------------------------------------------------------------------------------------------------------------------------------------------------+
| led_0                              | IOB              | OUTPUT    | LVCMOS25             |       | 12       | SLOW |              |          |          |
| led_1                              | IOB              | OUTPUT    | LVCMOS25             |       | 12       | SLOW | OFF          |          |          |
| led_2                              | IOB              | OUTPUT    | LVCMOS25             |       | 12       | SLOW |              |          |          |
| led_3                              | IOB              | OUTPUT    | LVCMOS25             |       | 12       | SLOW |              |          |          |
| led_4                              | IOB              | OUTPUT    | LVCMOS25             |       | 12       | SLOW |              |          |          |
| led_5                              | IOB              | OUTPUT    | LVCMOS25             |       | 12       | SLOW |              |          |          |
| led_6                              | IOB              | OUTPUT    | LVCMOS25             |       | 12       | SLOW |              |          |          |
| led_7                              | IOB              | OUTPUT    | LVCMOS25             |       | 12       | SLOW |              |          |          |
| pci_exp_rxn<0>                     | IPAD             | INPUT     |                      |       |          |      |              |          |          |
| pci_exp_rxn<1>                     | IPAD             | INPUT     |                      |       |          |      |              |          |          |
| pci_exp_rxn<2>                     | IPAD             | INPUT     |                      |       |          |      |              |          |          |
| pci_exp_rxn<3>                     | IPAD             | INPUT     |                      |       |          |      |              |          |          |
| pci_exp_rxn<4>                     | IPAD             | INPUT     |                      |       |          |      |              |          |          |
| pci_exp_rxn<5>                     | IPAD             | INPUT     |                      |       |          |      |              |          |          |
| pci_exp_rxn<6>                     | IPAD             | INPUT     |                      |       |          |      |              |          |          |
| pci_exp_rxn<7>                     | IPAD             | INPUT     |                      |       |          |      |              |          |          |
| pci_exp_rxp<0>                     | IPAD             | INPUT     |                      |       |          |      |              |          |          |
| pci_exp_rxp<1>                     | IPAD             | INPUT     |                      |       |          |      |              |          |          |
| pci_exp_rxp<2>                     | IPAD             | INPUT     |                      |       |          |      |              |          |          |
| pci_exp_rxp<3>                     | IPAD             | INPUT     |                      |       |          |      |              |          |          |
| pci_exp_rxp<4>                     | IPAD             | INPUT     |                      |       |          |      |              |          |          |
| pci_exp_rxp<5>                     | IPAD             | INPUT     |                      |       |          |      |              |          |          |
| pci_exp_rxp<6>                     | IPAD             | INPUT     |                      |       |          |      |              |          |          |
| pci_exp_rxp<7>                     | IPAD             | INPUT     |                      |       |          |      |              |          |          |
| pci_exp_txn<0>                     | OPAD             | OUTPUT    |                      |       |          |      |              |          |          |
| pci_exp_txn<1>                     | OPAD             | OUTPUT    |                      |       |          |      |              |          |          |
| pci_exp_txn<2>                     | OPAD             | OUTPUT    |                      |       |          |      |              |          |          |
| pci_exp_txn<3>                     | OPAD             | OUTPUT    |                      |       |          |      |              |          |          |
| pci_exp_txn<4>                     | OPAD             | OUTPUT    |                      |       |          |      |              |          |          |
| pci_exp_txn<5>                     | OPAD             | OUTPUT    |                      |       |          |      |              |          |          |
| pci_exp_txn<6>                     | OPAD             | OUTPUT    |                      |       |          |      |              |          |          |
| pci_exp_txn<7>                     | OPAD             | OUTPUT    |                      |       |          |      |              |          |          |
| pci_exp_txp<0>                     | OPAD             | OUTPUT    |                      |       |          |      |              |          |          |
| pci_exp_txp<1>                     | OPAD             | OUTPUT    |                      |       |          |      |              |          |          |
| pci_exp_txp<2>                     | OPAD             | OUTPUT    |                      |       |          |      |              |          |          |
| pci_exp_txp<3>                     | OPAD             | OUTPUT    |                      |       |          |      |              |          |          |
| pci_exp_txp<4>                     | OPAD             | OUTPUT    |                      |       |          |      |              |          |          |
| pci_exp_txp<5>                     | OPAD             | OUTPUT    |                      |       |          |      |              |          |          |
| pci_exp_txp<6>                     | OPAD             | OUTPUT    |                      |       |          |      |              |          |          |
| pci_exp_txp<7>                     | OPAD             | OUTPUT    |                      |       |          |      |              |          |          |
| sys_clk_n                          | IPAD             | INPUT     |                      |       |          |      |              |          |          |
| sys_clk_p                          | IPAD             | INPUT     |                      |       |          |      |              |          |          |
| sys_reset_n                        | IOB              | INPUT     | LVCMOS25             |       |          |      |              | PULLUP   |          |
+---------------------------------------------------------------------------------------------------------------------------------------------------------+

Section 7 - RPMs
----------------

Section 8 - Guide Report
------------------------
Guide not run on this design.

Section 9 - Area Group and Partition Summary
--------------------------------------------

Partition Implementation Status
-------------------------------

  No Partitions were found in this design.

-------------------------------

Area Group Information
----------------------

  No area groups were found in this design.

----------------------

Section 10 - Timing Report
--------------------------
A logic-level (pre-route) timing report can be generated by using Xilinx static
timing analysis tools, Timing Analyzer (GUI) or TRCE (command line), with the
mapped NCD and PCF files. Please note that this timing report will be generated
using estimated delay information. For accurate numbers, please generate a
timing report with the post Place and Route NCD file.

For more information about the Timing Analyzer, consult the Xilinx Timing
Analyzer Reference Manual; for more information about TRCE, consult the Xilinx
Command Line Tools User Guide "TRACE" chapter.

Section 11 - Configuration String Details
-----------------------------------------
Use the "-detail" map option to print out Configuration Strings

Section 12 - Control Set Information
------------------------------------
Use the "-detail" map option to print out Control Set Information.

Section 13 - Utilization by Hierarchy
-------------------------------------
Use the "-detail" map option to print out the Utilization by Hierarchy section.
